2024/02/04 21:12:38 Loading :  ./res/index.html
2024/02/04 21:12:38 Normalized URL: file:///E:/%E4%B8%80%E4%BA%9B%E8%BD%AF%E4%BB%B6/code/classpaper/res/index.html
2024/02/04 21:12:38 Browser Path: 
2024/02/04 21:12:39 {"method":"Runtime.consoleAPICalled","params":{"type":"log","args":[{"type":"object","subtype":"array","className":"Array","description":"Array(85)","objectId":"-4525328763492371587.1.1","preview":{"type":"object","subtype":"array","description":"Array(85)","overflow":false,"properties":[{"name":"0","type":"string","value":"\u5468\u4e00"},{"name":"1","type":"string","value":"\u5347\u65d7"},{"name":"2","type":"string","value":"\u73ed\u4f1a"},{"name":"3","type":"string","value":"\u6570\u5b66"},{"name":"4","type":"string","value":"\u6570\u5b66"},{"name":"5","type":"string","value":"\u5316\u5b66"},{"name":"6","type":"string","value":"\u751f\u7269"},{"name":"7","type":"string","value":"\u82f1\u8bed"},{"name":"8","type":"string","value":"\u8bed\u6587"},{"name":"9","type":"string","value":"\u7269\u7406"},{"name":"10","type":"string","value":"\u665a\u4fee"},{"name":"11","type":"string","value":"\u665a\u4fee"},{"name":"12","type":"string","value":"\n\u5468\u4e8c"},{"name":"13","type":"string","value":"\u8bed\u6587"},{"name":"14","type":"string","value":"\u6570\u5b66"},{"name":"15","type":"string","value":"\u8bed\u6587"},{"name":"16","type":"string","value":"\u4f53\u80b2"},{"name":"17","type":"string","value":"\u82f1\u8bed"},{"name":"18","type":"string","value":"\u7269\u7406"},{"name":"19","type":"string","value":"\u5316\u5b66"},{"name":"20","type":"string","value":"\u751f\u7269"},{"name":"21","type":"string","value":"\u7269\u7406"},{"name":"22","type":"string","value":"\u665a\u4fee"},{"name":"23","type":"string","value":"\u665a\u4fee"},{"name":"24","type":"string","value":"\n\u5468\u4e09"},{"name":"25","type":"string","value":"\u82f1\u8bed"},{"name":"26","type":"string","value":"\u82f1\u8bed"},{"name":"27","type":"string","value":"\u7269\u7406"},{"name":"28","type":"string","value":"\u8bed\u6587"},{"name":"29","type":"string","value":"\u751f\u7269"},{"name":"30","type":"string","value":"\u5316\u5b66"},{"name":"31","type":"string","value":"\u6570\u5b66"},{"name":"32","type":"string","value":"\u82f1\u8bed"},{"name":"33","type":"string","value":"\u82f1\u8bed"},{"name":"34","type":"string","value":"\u665a\u4fee"},{"name":"35","type":"string","value":"\u665a\u4fee"},{"name":"36","type":"string","value":"\n\u5468\u56db"},{"name":"37","type":"string","value":"\u8bed\u6587"},{"name":"38","type":"string","value":"\u751f\u7269"},{"name":"39","type":"string","value":"\u82f1\u8bed"},{"name":"40","type":"string","value":"\u4f53\u80b2"},{"name":"41","type":"string","value":"\u5316\u5b66"},{"name":"42","type":"string","value":"\u8bed\u6587"},{"name":"43","type":"string","value":"\u7269\u7406"},{"name":"44","type":"string","value":"\u6570\u5b66"},{"name":"45","type":"string","value":"\u6570\u5b66"},{"name":"46","type":"string","value":"\u665a\u4fee"},{"name":"47","type":"string","value":"\u665a\u4fee"},{"name":"48","type":"string","value":"\n\u5468\u4e94"},{"name":"49","type":"string","value":"\u82f1\u8bed"},{"name":"50","type":"string","value":"\u751f\u7269"},{"name":"51","type":"string","value":"\u5316\u5b66"},{"name":"52","type":"string","value":"\u6570\u5b66"},{"name":"53","type":"string","value":"\u8bed\u6587"},{"name":"54","type":"string","value":"\u8bed\u6587"},{"name":"55","type":"string","value":"\u7269\u7406"},{"name":"56","type":"string","value":"\u82f1\u8bed"},{"name":"57","type":"string","value":"\u81ea\u4e60"},{"name":"58","type":"string","value":"\u665a\u4fee"},{"name":"59","type":"string","value":"\u665a\u4fee"},{"name":"60","type":"string","value":"\n\u5468\u516d"},{"name":"61","type":"string","value":"\u6570\u5b66"},{"name":"62","type":"string","value":"\u8bed\u6587"},{"name":"63","type":"string","value":"\u751f\u7269"},{"name":"64","type":"string","value":"\u5316\u5b66"},{"name":"65","type":"string","value":"\u82f1\u8bed"},{"name":"66","type":"string","value":"\u7269\u7406"},{"name":"67","type":"string","value":"\u6d4b\u8bd5"},{"name":"68","type":"string","value":"\u6d4b\u8bd5"},{"name":"69","type":"string","value":"\u6d4b\u8bd5"},{"name":"70","type":"string","value":"\u65e0"},{"name":"71","type":"string","value":"\u65e0"},{"name":"72","type":"string","value":"\n\u5468\u65e5"},{"name":"73","type":"string","value":"\u65e0"},{"name":"74","type":"string","value":"\u65e0"},{"name":"75","type":"string","value":"\u65e0"},{"name":"76","type":"string","value":"\u65e0"},{"name":"77","type":"string","value":"\u65e0"},{"name":"78","type":"string","value":"\u65e0"},{"name":"79","type":"string","value":"\u65e0"},{"name":"80","type":"string","value":"\u65e0"},{"name":"81","type":"string","value":"\u65e0"},{"name":"82","type":"string","value":"\u665a\u4fee"},{"name":"83","type":"string","value":"\u665a\u4fee"},{"name":"84","type":"string","value":"\n"}]}}],"executionContextId":1,"timestamp":1.707052359738932e+12,"stackTrace":{"callFrames":[{"functionName":"","scriptId":"10","url":"file:///E:/%E4%B8%80%E4%BA%9B%E8%BD%AF%E4%BB%B6/code/classpaper/res/js/class.js","lineNumber":5,"columnNumber":8}]}}}
2024/02/04 21:12:39 {"method":"Runtime.consoleAPICalled","params":{"type":"log","args":[{"type":"object","subtype":"array","className":"Array","description":"Array(1)","objectId":"-4525328763492371587.1.2","preview":{"type":"object","subtype":"array","description":"Array(1)","overflow":false,"properties":[{"name":"0","type":"string","value":"\n"}]}}],"executionContextId":1,"timestamp":1.707052359739758e+12,"stackTrace":{"callFrames":[{"functionName":"","scriptId":"10","url":"file:///E:/%E4%B8%80%E4%BA%9B%E8%BD%AF%E4%BB%B6/code/classpaper/res/js/class.js","lineNumber":21,"columnNumber":8}]}}}
2024/02/04 21:12:39 {"method":"Runtime.consoleAPICalled","params":{"type":"log","args":[{"type":"object","subtype":"date","className":"Date","description":"Sun Jul 07 2024 21:12:39 GMT+0800 (\u4e2d\u56fd\u6807\u51c6\u65f6\u95f4)","objectId":"-4525328763492371587.1.3","preview":{"type":"object","subtype":"date","description":"Sun Jul 07 2024 21:12:39 GMT+0800 (\u4e2d\u56fd\u6807\u51c6\u65f6\u95f4)","overflow":false,"properties":[]}}],"executionContextId":1,"timestamp":1.7070523597401682e+12,"stackTrace":{"callFrames":[{"functionName":"nowClass","scriptId":"10","url":"file:///E:/%E4%B8%80%E4%BA%9B%E8%BD%AF%E4%BB%B6/code/classpaper/res/js/class.js","lineNumber":37,"columnNumber":12},{"functionName":"","scriptId":"10","url":"file:///E:/%E4%B8%80%E4%BA%9B%E8%BD%AF%E4%BB%B6/code/classpaper/res/js/class.js","lineNumber":126,"columnNumber":0}]}}}
2024/02/04 21:12:39 {"method":"Runtime.consoleAPICalled","params":{"type":"log","args":[{"type":"number","value":10,"description":"10"}],"executionContextId":1,"timestamp":1.707052359740491e+12,"stackTrace":{"callFrames":[{"functionName":"nowClass","scriptId":"10","url":"file:///E:/%E4%B8%80%E4%BA%9B%E8%BD%AF%E4%BB%B6/code/classpaper/res/js/class.js","lineNumber":110,"columnNumber":8},{"functionName":"","scriptId":"10","url":"file:///E:/%E4%B8%80%E4%BA%9B%E8%BD%AF%E4%BB%B6/code/classpaper/res/js/class.js","lineNumber":126,"columnNumber":0}]}}}
2024/02/04 21:12:39 {"method":"Runtime.exceptionThrown","params":{"timestamp":1.707052359740743e+12,"exceptionDetails":{"exceptionId":1,"text":"Uncaught","lineNumber":112,"columnNumber":35,"scriptId":"10","url":"file:///E:/%E4%B8%80%E4%BA%9B%E8%BD%AF%E4%BB%B6/code/classpaper/res/js/class.js","stackTrace":{"callFrames":[{"functionName":"nowClass","scriptId":"10","url":"file:///E:/%E4%B8%80%E4%BA%9B%E8%BD%AF%E4%BB%B6/code/classpaper/res/js/class.js","lineNumber":112,"columnNumber":35},{"functionName":"","scriptId":"10","url":"file:///E:/%E4%B8%80%E4%BA%9B%E8%BD%AF%E4%BB%B6/code/classpaper/res/js/class.js","lineNumber":126,"columnNumber":0}]},"exception":{"type":"object","subtype":"error","className":"TypeError","description":"TypeError: Cannot read properties of null (reading 'style')\n    at nowClass (file:///E:/%E4%B8%80%E4%BA%9B%E8%BD%AF%E4%BB%B6/code/classpaper/res/js/class.js:113:36)\n    at file:///E:/%E4%B8%80%E4%BA%9B%E8%BD%AF%E4%BB%B6/code/classpaper/res/js/class.js:127:1","objectId":"-4525328763492371587.1.4","preview":{"type":"object","subtype":"error","description":"TypeError: Cannot read properties of null (reading 'style')\n    at nowClass (file:///E:/%E4%B8%80%E4%BA%9B%E8%BD%AF%E4%BB%B6/code/classpaper/res/js/class.js:113:36)\n    at file:///E:/%E4%B8%80%E4%BA%9B%E8%BD%AF%E4%BB%B6/code/classpaper/res/js/class.js:127:1","overflow":false,"properties":[{"name":"stack","type":"string","value":"TypeError: Cannot read properties of null (reading\u2026AF%E4%BB%B6/code/classpaper/res/js/class.js:127:1"},{"name":"message","type":"string","value":"Cannot read properties of null (reading 'style')"}]}},"executionContextId":1}}}
2024/02/04 21:12:39 {"method":"Runtime.consoleAPICalled","params":{"type":"log","args":[{"type":"object","subtype":"array","className":"Array","description":"Array(6)","objectId":"-4525328763492371587.1.5","preview":{"type":"object","subtype":"array","description":"Array(6)","overflow":false,"properties":[{"name":"0","type":"string","value":"    "},{"name":"1","type":"string","value":"      "},{"name":"2","type":"string","value":"         \n\u9ad8\u8003"},{"name":"3","type":"string","value":"2024-06-07"},{"name":"4","type":"string","value":"\n\u4e2d\u8003"},{"name":"5","type":"string","value":" 2024-06-07"}]}}],"executionContextId":1,"timestamp":1.707052359741208e+12,"stackTrace":{"callFrames":[{"functionName":"","scriptId":"11","url":"file:///E:/%E4%B8%80%E4%BA%9B%E8%BD%AF%E4%BB%B6/code/classpaper/res/js/event_cal.js","lineNumber":5,"columnNumber":8}]}}}
2024/02/04 21:12:39 {"method":"Runtime.consoleAPICalled","params":{"type":"log","args":[{"type":"string","value":"         \n\u9ad8\u8003"},{"type":"string","value":"2024-06-07"}],"executionContextId":1,"timestamp":1.70705235974141e+12,"stackTrace":{"callFrames":[{"functionName":"","scriptId":"11","url":"file:///E:/%E4%B8%80%E4%BA%9B%E8%BD%AF%E4%BB%B6/code/classpaper/res/js/event_cal.js","lineNumber":14,"columnNumber":12}]}}}
2024/02/04 21:12:39 {"method":"Runtime.consoleAPICalled","params":{"type":"log","args":[{"type":"number","value":123.44954003472222,"description":"123.44954003472222"}],"executionContextId":1,"timestamp":1.707052359741467e+12,"stackTrace":{"callFrames":[{"functionName":"","scriptId":"11","url":"file:///E:/%E4%B8%80%E4%BA%9B%E8%BD%AF%E4%BB%B6/code/classpaper/res/js/event_cal.js","lineNumber":16,"columnNumber":12}]}}}
2024/02/04 21:12:39 {"method":"Runtime.consoleAPICalled","params":{"type":"log","args":[{"type":"string","value":"\n\u4e2d\u8003"},{"type":"string","value":" 2024-06-07"}],"executionContextId":1,"timestamp":1.7070523597416538e+12,"stackTrace":{"callFrames":[{"functionName":"","scriptId":"11","url":"file:///E:/%E4%B8%80%E4%BA%9B%E8%BD%AF%E4%BB%B6/code/classpaper/res/js/event_cal.js","lineNumber":14,"columnNumber":12}]}}}
2024/02/04 21:12:39 {"method":"Runtime.consoleAPICalled","params":{"type":"log","args":[{"type":"number","value":123.11620670138889,"description":"123.11620670138889"}],"executionContextId":1,"timestamp":1.707052359741727e+12,"stackTrace":{"callFrames":[{"functionName":"","scriptId":"11","url":"file:///E:/%E4%B8%80%E4%BA%9B%E8%BD%AF%E4%BB%B6/code/classpaper/res/js/event_cal.js","lineNumber":16,"columnNumber":12}]}}}
2024/02/04 21:12:40 ./deltaskbar classpaperCwJfCC
2024/02/04 21:12:41 ./setwallpaper classpaperCwJfCC
2024/02/04 21:12:41 ./deltaskbar classpaperCwJfCC
2024/02/04 21:12:41 Error starting deltaskbar: exit status 0xffffffff
2024/02/04 21:12:41 ./setwallpaper classpaperCwJfCC
2024/02/04 21:12:41 Error starting setwallpaper: exit status 0xffffffff
2024/02/04 21:12:42 ./deltaskbar classpaperCwJfCC
2024/02/04 21:12:42 Error starting deltaskbar: exit status 0xffffffff
2024/02/04 21:12:42 ./setwallpaper classpaperCwJfCC
2024/02/04 21:12:42 Error starting setwallpaper: exit status 0xffffffff
2024/02/04 21:12:43 ./deltaskbar classpaperCwJfCC
2024/02/04 21:12:43 Error starting deltaskbar: exit status 0xffffffff
2024/02/04 21:12:43 ./setwallpaper classpaperCwJfCC
2024/02/04 21:12:44 Error starting setwallpaper: exit status 0xffffffff
2024/02/04 21:12:44 ./deltaskbar classpaperCwJfCC
2024/02/04 21:12:44 Error starting deltaskbar: exit status 0xffffffff
2024/02/04 21:12:44 ./setwallpaper classpaperCwJfCC
2024/02/04 21:12:44 Error starting setwallpaper: exit status 0xffffffff
2024/02/04 21:12:45 ./deltaskbar classpaperCwJfCC
2024/02/04 21:12:45 Error starting deltaskbar: exit status 0xffffffff
2024/02/04 21:12:45 ./setwallpaper classpaperCwJfCC
2024/02/04 21:12:45 Error starting setwallpaper: exit status 0xffffffff
2024/02/04 21:12:46 ./deltaskbar classpaperCwJfCC
2024/02/04 21:12:46 Error starting deltaskbar: exit status 0xffffffff
2024/02/04 21:12:46 ./setwallpaper classpaperCwJfCC
2024/02/04 21:12:47 Error starting setwallpaper: exit status 0xffffffff
2024/02/04 21:12:47 ./deltaskbar classpaperCwJfCC
2024/02/04 21:12:47 Error starting deltaskbar: exit status 0xffffffff
2024/02/04 21:12:47 ./setwallpaper classpaperCwJfCC
2024/02/04 21:12:47 Error starting setwallpaper: exit status 0xffffffff
2024/02/04 21:12:48 ./deltaskbar classpaperCwJfCC
2024/02/04 21:12:48 Error starting deltaskbar: exit status 0xffffffff
2024/02/04 21:12:48 ./setwallpaper classpaperCwJfCC
2024/02/04 21:12:48 Error starting setwallpaper: exit status 0xffffffff
2024/02/04 21:12:49 ./deltaskbar classpaperCwJfCC
2024/02/04 21:12:49 Error starting deltaskbar: exit status 0xffffffff
2024/02/04 21:12:49 ./setwallpaper classpaperCwJfCC
2024/02/04 21:12:49 Error starting setwallpaper: exit status 0xffffffff
2024/02/04 21:12:50 ./deltaskbar classpaperCwJfCC
2024/02/04 21:12:50 Error starting deltaskbar: exit status 0xffffffff
2024/02/04 21:12:50 ./setwallpaper classpaperCwJfCC
2024/02/04 21:12:50 Error starting setwallpaper: exit status 0xffffffff
2024/02/04 21:12:51 ./deltaskbar classpaperCwJfCC
2024/02/04 21:12:51 Error starting deltaskbar: exit status 0xffffffff
2024/02/04 21:12:51 ./setwallpaper classpaperCwJfCC
2024/02/04 21:12:51 Error starting setwallpaper: exit status 0xffffffff
2024/02/04 21:12:52 ./deltaskbar classpaperCwJfCC
2024/02/04 21:12:52 Error starting deltaskbar: exit status 0xffffffff
2024/02/04 21:12:52 ./setwallpaper classpaperCwJfCC
2024/02/04 21:12:52 Error starting setwallpaper: exit status 0xffffffff
2024/02/04 21:12:53 ./deltaskbar classpaperCwJfCC
2024/02/04 21:12:53 Error starting deltaskbar: exit status 0xffffffff
2024/02/04 21:12:53 ./setwallpaper classpaperCwJfCC
2024/02/04 21:12:53 Error starting setwallpaper: exit status 0xffffffff
2024/02/04 21:12:54 ./deltaskbar classpaperCwJfCC
2024/02/04 21:12:54 Error starting deltaskbar: exit status 0xffffffff
2024/02/04 21:12:54 ./setwallpaper classpaperCwJfCC
2024/02/04 21:12:54 Error starting setwallpaper: exit status 0xffffffff
2024/02/04 21:12:55 ./deltaskbar classpaperCwJfCC
2024/02/04 21:12:55 Error starting deltaskbar: exit status 0xffffffff
2024/02/04 21:12:55 ./setwallpaper classpaperCwJfCC
2024/02/04 21:12:55 Error starting setwallpaper: exit status 0xffffffff
2024/02/04 21:12:56 ./deltaskbar classpaperCwJfCC
2024/02/04 21:12:56 Error starting deltaskbar: exit status 0xffffffff
2024/02/04 21:12:56 ./setwallpaper classpaperCwJfCC
2024/02/04 21:12:56 Error starting setwallpaper: exit status 0xffffffff
2024/02/04 21:12:57 ./deltaskbar classpaperCwJfCC
2024/02/04 21:12:57 Error starting deltaskbar: exit status 0xffffffff
2024/02/04 21:12:57 ./setwallpaper classpaperCwJfCC
2024/02/04 21:12:57 Error starting setwallpaper: exit status 0xffffffff
2024/02/04 21:12:58 ./deltaskbar classpaperCwJfCC
2024/02/04 21:12:58 Error starting deltaskbar: exit status 0xffffffff
2024/02/04 21:12:58 ./setwallpaper classpaperCwJfCC
2024/02/04 21:12:58 Error starting setwallpaper: exit status 0xffffffff
2024/02/04 21:12:59 ./deltaskbar classpaperCwJfCC
2024/02/04 21:12:59 Error starting deltaskbar: exit status 0xffffffff
2024/02/04 21:12:59 ./setwallpaper classpaperCwJfCC
2024/02/04 21:12:59 Error starting setwallpaper: exit status 0xffffffff
2024/02/04 21:13:00 ./deltaskbar classpaperCwJfCC
2024/02/04 21:13:00 Error starting deltaskbar: exit status 0xffffffff
2024/02/04 21:13:00 ./setwallpaper classpaperCwJfCC
2024/02/04 21:13:00 Error starting setwallpaper: exit status 0xffffffff
2024/02/04 21:13:01 ./deltaskbar classpaperCwJfCC
2024/02/04 21:13:01 Error starting deltaskbar: exit status 0xffffffff
2024/02/04 21:13:01 ./setwallpaper classpaperCwJfCC
2024/02/04 21:13:01 Error starting setwallpaper: exit status 0xffffffff
2024/02/04 21:13:02 ./deltaskbar classpaperCwJfCC
2024/02/04 21:13:02 Error starting deltaskbar: exit status 0xffffffff
2024/02/04 21:13:02 ./setwallpaper classpaperCwJfCC
2024/02/04 21:13:02 Error starting setwallpaper: exit status 0xffffffff
2024/02/04 21:13:03 ./deltaskbar classpaperCwJfCC
2024/02/04 21:13:03 Error starting deltaskbar: exit status 0xffffffff
2024/02/04 21:13:03 ./setwallpaper classpaperCwJfCC
2024/02/04 21:13:03 Error starting setwallpaper: exit status 0xffffffff
2024/02/04 21:13:04 ./deltaskbar classpaperCwJfCC
2024/02/04 21:13:04 Error starting deltaskbar: exit status 0xffffffff
2024/02/04 21:13:04 ./setwallpaper classpaperCwJfCC
2024/02/04 21:13:04 Error starting setwallpaper: exit status 0xffffffff
2024/02/04 21:13:05 ./deltaskbar classpaperCwJfCC
2024/02/04 21:13:05 Error starting deltaskbar: exit status 0xffffffff
2024/02/04 21:13:05 ./setwallpaper classpaperCwJfCC
2024/02/04 21:13:05 Error starting setwallpaper: exit status 0xffffffff
2024/02/04 21:13:06 ./deltaskbar classpaperCwJfCC
2024/02/04 21:13:06 Error starting deltaskbar: exit status 0xffffffff
2024/02/04 21:13:06 ./setwallpaper classpaperCwJfCC
2024/02/04 21:13:06 Error starting setwallpaper: exit status 0xffffffff
2024/02/04 21:13:07 ./deltaskbar classpaperCwJfCC
2024/02/04 21:13:07 Error starting deltaskbar: exit status 0xffffffff
2024/02/04 21:13:07 ./setwallpaper classpaperCwJfCC
2024/02/04 21:13:07 Error starting setwallpaper: exit status 0xffffffff
2024/02/04 21:13:07 ./deltaskbar classpaperCwJfCC
2024/02/04 21:13:07 Error starting deltaskbar: exit status 0xffffffff
2024/02/04 21:13:07 ./setwallpaper classpaperCwJfCC
2024/02/04 21:13:07 Error starting setwallpaper: exit status 0xffffffff
2024/02/04 21:13:08 ./deltaskbar classpaperCwJfCC
2024/02/04 21:13:08 Error starting deltaskbar: exit status 0xffffffff
2024/02/04 21:13:08 ./setwallpaper classpaperCwJfCC
2024/02/04 21:13:08 Error starting setwallpaper: exit status 0xffffffff
2024/02/04 21:13:09 ./deltaskbar classpaperCwJfCC
2024/02/04 21:13:09 Error starting deltaskbar: exit status 0xffffffff
2024/02/04 21:13:09 ./setwallpaper classpaperCwJfCC
2024/02/04 21:13:09 Error starting setwallpaper: exit status 0xffffffff
2024/02/04 21:13:09 Restarting Webpage Display Program...
2024/02/04 21:13:10 ./deltaskbar classpaperCwJfCC
2024/02/04 21:13:11 Error starting deltaskbar: exit status 0xffffffff
2024/02/04 21:13:11 ./setwallpaper classpaperCwJfCC
2024/02/04 21:13:11 {"method":"Runtime.consoleAPICalled","params":{"type":"log","args":[{"type":"object","subtype":"array","className":"Array","description":"Array(85)","objectId":"7478775211831528106.1.1"}],"executionContextId":1,"timestamp":1.707052390978837e+12,"stackTrace":{"callFrames":[{"functionName":"","scriptId":"9","url":"file:///E:/%E4%B8%80%E4%BA%9B%E8%BD%AF%E4%BB%B6/code/classpaper/res/js/class.js","lineNumber":5,"columnNumber":8}]}}}
2024/02/04 21:13:11 {"method":"Runtime.consoleAPICalled","params":{"type":"log","args":[{"type":"object","subtype":"array","className":"Array","description":"Array(1)","objectId":"7478775211831528106.1.2"}],"executionContextId":1,"timestamp":1.707052390979374e+12,"stackTrace":{"callFrames":[{"functionName":"","scriptId":"9","url":"file:///E:/%E4%B8%80%E4%BA%9B%E8%BD%AF%E4%BB%B6/code/classpaper/res/js/class.js","lineNumber":21,"columnNumber":8}]}}}
2024/02/04 21:13:11 {"method":"Runtime.consoleAPICalled","params":{"type":"log","args":[{"type":"object","subtype":"date","className":"Date","description":"Sun Jul 07 2024 21:13:10 GMT+0800 (\u4e2d\u56fd\u6807\u51c6\u65f6\u95f4)","objectId":"7478775211831528106.1.3"}],"executionContextId":1,"timestamp":1.707052390979706e+12,"stackTrace":{"callFrames":[{"functionName":"nowClass","scriptId":"9","url":"file:///E:/%E4%B8%80%E4%BA%9B%E8%BD%AF%E4%BB%B6/code/classpaper/res/js/class.js","lineNumber":37,"columnNumber":12}]}}}
2024/02/04 21:13:11 {"method":"Runtime.consoleAPICalled","params":{"type":"log","args":[{"type":"number","value":10,"description":"10"}],"executionContextId":1,"timestamp":1.707052390980033e+12,"stackTrace":{"callFrames":[{"functionName":"nowClass","scriptId":"9","url":"file:///E:/%E4%B8%80%E4%BA%9B%E8%BD%AF%E4%BB%B6/code/classpaper/res/js/class.js","lineNumber":110,"columnNumber":8}]}}}
2024/02/04 21:13:11 {"method":"Runtime.exceptionThrown","params":{"timestamp":1.707052390980334e+12,"exceptionDetails":{"exceptionId":1,"text":"Uncaught","lineNumber":112,"columnNumber":35,"scriptId":"9","url":"file:///E:/%E4%B8%80%E4%BA%9B%E8%BD%AF%E4%BB%B6/code/classpaper/res/js/class.js","exception":{"type":"object","subtype":"error","className":"TypeError","description":"TypeError: Cannot read properties of null (reading 'style')\n    at nowClass (file:///E:/%E4%B8%80%E4%BA%9B%E8%BD%AF%E4%BB%B6/code/classpaper/res/js/class.js:113:36)\n    at file:///E:/%E4%B8%80%E4%BA%9B%E8%BD%AF%E4%BB%B6/code/classpaper/res/js/class.js:127:1","objectId":"7478775211831528106.1.4"},"executionContextId":1}}}
2024/02/04 21:13:11 {"method":"Runtime.consoleAPICalled","params":{"type":"log","args":[{"type":"object","subtype":"array","className":"Array","description":"Array(6)","objectId":"7478775211831528106.1.5"}],"executionContextId":1,"timestamp":1.707052390981061e+12,"stackTrace":{"callFrames":[{"functionName":"","scriptId":"10","url":"file:///E:/%E4%B8%80%E4%BA%9B%E8%BD%AF%E4%BB%B6/code/classpaper/res/js/event_cal.js","lineNumber":5,"columnNumber":8}]}}}
2024/02/04 21:13:11 {"method":"Runtime.consoleAPICalled","params":{"type":"log","args":[{"type":"string","value":"         \n\u9ad8\u8003"},{"type":"string","value":"2024-06-07"}],"executionContextId":1,"timestamp":1.7070523909811611e+12,"stackTrace":{"callFrames":[{"functionName":"","scriptId":"10","url":"file:///E:/%E4%B8%80%E4%BA%9B%E8%BD%AF%E4%BB%B6/code/classpaper/res/js/event_cal.js","lineNumber":14,"columnNumber":12}]}}}
2024/02/04 21:13:11 {"method":"Runtime.consoleAPICalled","params":{"type":"log","args":[{"type":"number","value":123.44917846064814,"description":"123.44917846064814"}],"executionContextId":1,"timestamp":1.707052390981194e+12,"stackTrace":{"callFrames":[{"functionName":"","scriptId":"10","url":"file:///E:/%E4%B8%80%E4%BA%9B%E8%BD%AF%E4%BB%B6/code/classpaper/res/js/event_cal.js","lineNumber":16,"columnNumber":12}]}}}
2024/02/04 21:13:11 {"method":"Runtime.consoleAPICalled","params":{"type":"log","args":[{"type":"string","value":"\n\u4e2d\u8003"},{"type":"string","value":" 2024-06-07"}],"executionContextId":1,"timestamp":1.7070523909813198e+12,"stackTrace":{"callFrames":[{"functionName":"","scriptId":"10","url":"file:///E:/%E4%B8%80%E4%BA%9B%E8%BD%AF%E4%BB%B6/code/classpaper/res/js/event_cal.js","lineNumber":14,"columnNumber":12}]}}}
2024/02/04 21:13:11 {"method":"Runtime.consoleAPICalled","params":{"type":"log","args":[{"type":"number","value":123.11584512731481,"description":"123.11584512731481"}],"executionContextId":1,"timestamp":1.707052390981342e+12,"stackTrace":{"callFrames":[{"functionName":"","scriptId":"10","url":"file:///E:/%E4%B8%80%E4%BA%9B%E8%BD%AF%E4%BB%B6/code/classpaper/res/js/event_cal.js","lineNumber":16,"columnNumber":12}]}}}
2024/02/04 21:13:11 Error starting setwallpaper: exit status 0xffffffff
2024/02/04 21:13:11 ./deltaskbar classpaper0xbnMG
2024/02/04 21:13:11 ./setwallpaper classpaper0xbnMG
2024/02/04 21:13:12 ./deltaskbar classpaper0xbnMG
2024/02/04 21:13:12 Error starting deltaskbar: exit status 0xffffffff
2024/02/04 21:13:12 ./setwallpaper classpaper0xbnMG
2024/02/04 21:13:12 Error starting setwallpaper: exit status 0xffffffff
2024/02/04 21:13:12 ./deltaskbar classpaper0xbnMG
2024/02/04 21:13:12 Error starting deltaskbar: exit status 0xffffffff
2024/02/04 21:13:12 ./setwallpaper classpaper0xbnMG
2024/02/04 21:13:12 Error starting setwallpaper: exit status 0xffffffff
2024/02/04 21:13:13 ./deltaskbar classpaper0xbnMG
2024/02/04 21:13:13 Error starting deltaskbar: exit status 0xffffffff
2024/02/04 21:13:13 ./setwallpaper classpaper0xbnMG
2024/02/04 21:13:13 Error starting setwallpaper: exit status 0xffffffff
2024/02/04 21:13:13 ./deltaskbar classpaper0xbnMG
2024/02/04 21:13:13 Error starting deltaskbar: exit status 0xffffffff
2024/02/04 21:13:13 ./setwallpaper classpaper0xbnMG
2024/02/04 21:13:13 Error starting setwallpaper: exit status 0xffffffff
2024/02/04 21:13:14 ./deltaskbar classpaper0xbnMG
2024/02/04 21:13:14 Error starting deltaskbar: exit status 0xffffffff
2024/02/04 21:13:14 ./setwallpaper classpaper0xbnMG
2024/02/04 21:13:14 Error starting setwallpaper: exit status 0xffffffff
2024/02/04 21:13:14 ./deltaskbar classpaper0xbnMG
2024/02/04 21:13:14 Error starting deltaskbar: exit status 0xffffffff
2024/02/04 21:13:14 ./setwallpaper classpaper0xbnMG
2024/02/04 21:13:14 Error starting setwallpaper: exit status 0xffffffff
2024/02/04 21:13:15 ./deltaskbar classpaper0xbnMG
2024/02/04 21:13:15 Error starting deltaskbar: exit status 0xffffffff
2024/02/04 21:13:15 ./setwallpaper classpaper0xbnMG
2024/02/04 21:13:15 Error starting setwallpaper: exit status 0xffffffff
2024/02/04 21:13:15 ./deltaskbar classpaper0xbnMG
2024/02/04 21:13:15 Error starting deltaskbar: exit status 0xffffffff
2024/02/04 21:13:15 ./setwallpaper classpaper0xbnMG
2024/02/04 21:13:15 Error starting setwallpaper: exit status 0xffffffff
2024/02/04 21:13:16 ./deltaskbar classpaper0xbnMG
2024/02/04 21:13:16 Error starting deltaskbar: exit status 0xffffffff
2024/02/04 21:13:16 ./setwallpaper classpaper0xbnMG
2024/02/04 21:13:16 Error starting setwallpaper: exit status 0xffffffff
2024/02/04 21:13:16 ./deltaskbar classpaper0xbnMG
2024/02/04 21:13:16 Error starting deltaskbar: exit status 0xffffffff
2024/02/04 21:13:16 ./setwallpaper classpaper0xbnMG
2024/02/04 21:13:16 Error starting setwallpaper: exit status 0xffffffff
2024/02/04 21:13:17 ./deltaskbar classpaper0xbnMG
2024/02/04 21:13:17 Error starting deltaskbar: exit status 0xffffffff
2024/02/04 21:13:17 ./setwallpaper classpaper0xbnMG
2024/02/04 21:13:17 Error starting setwallpaper: exit status 0xffffffff
2024/02/04 21:13:17 ./deltaskbar classpaper0xbnMG
2024/02/04 21:13:17 Error starting deltaskbar: exit status 0xffffffff
2024/02/04 21:13:17 ./setwallpaper classpaper0xbnMG
2024/02/04 21:13:17 Error starting setwallpaper: exit status 0xffffffff
